#
# There is insufficient memory for the Java Runtime Environment to continue.
# Native memory allocation (malloc) failed to allocate 774576 bytes for Chunk::new
# Possible reasons:
#   The system is out of physical RAM or swap space
#   The process is running with CompressedOops enabled, and the Java Heap may be blocking the growth of the native heap
# Possible solutions:
#   Reduce memory load on the system
#   Increase physical memory or swap space
#   Check if swap backing store is full
#   Decrease Java heap size (-Xmx/-Xms)
#   Decrease number of Java threads
#   Decrease Java thread stack sizes (-Xss)
#   Set larger code cache with -XX:ReservedCodeCacheSize=
#   JVM is running with Unscaled Compressed Oops mode in which the Java heap is
#     placed in the first 4GB address space. The Java Heap base address is the
#     maximum limit for the native heap growth. Please use -XX:HeapBaseMinAddress
#     to set the Java Heap base and to place the Java Heap above 4GB virtual address.
# This output file may be truncated or incomplete.
#
#  Out of Memory Error (allocation.cpp:389), pid=1528, tid=0x0000000000001114
#
# JRE version: OpenJDK Runtime Environment (8.0_242-b01) (build 1.8.0_242-release-1644-b01)
# Java VM: OpenJDK 64-Bit Server VM (25.242-b01 mixed mode windows-amd64 compressed oops)
# Failed to write core dump. Minidumps are not enabled by default on client versions of Windows
#

---------------  T H R E A D  ---------------

Current thread (0x00000000184cd000):  JavaThread "C2 CompilerThread1" daemon [_thread_in_native, id=4372, stack(0x0000000018eb0000,0x0000000018fb0000)]

Stack: [0x0000000018eb0000,0x0000000018fb0000]
[error occurred during error reporting (printing stack bounds), id 0xc0000005]

Native frames: (J=compiled Java code, j=interpreted, Vv=VM code, C=native code)


Current CompileTask:
C2:   3316 1893       4       java.net.URLClassLoader$1::run (5 bytes)


---------------  P R O C E S S  ---------------

Java Threads: ( => current thread )
  0x00000000184d8800 JavaThread "Cache worker for file hash cache (C:\Users\joaor\AndroidStudioProjects\waiting_tickets_system\android\.gradle\5.6.2\fileHashes)" [_thread_blocked, id=9980, stack(0x000000001f970000,0x000000001fa70000)]
  0x00000000184d3800 JavaThread "Cache worker for journal cache (C:\Users\joaor\.gradle\caches\journal-1)" [_thread_blocked, id=11988, stack(0x000000001d0f0000,0x000000001d1f0000)]
  0x00000000184d6800 JavaThread "File lock request listener" [_thread_in_native, id=11188, stack(0x000000001cff0000,0x000000001d0f0000)]
  0x0000000019497000 JavaThread "Cache worker for file hash cache (C:\Users\joaor\.gradle\caches\5.6.2\fileHashes)" [_thread_blocked, id=8952, stack(0x000000001cef0000,0x000000001cff0000)]
  0x000000001af5b800 JavaThread "Thread-9" [_thread_blocked, id=2816, stack(0x000000001cdf0000,0x000000001cef0000)]
  0x000000001aee2800 JavaThread "Stdin handler" [_thread_blocked, id=11184, stack(0x000000001ccf0000,0x000000001cdf0000)]
  0x000000001aee1800 JavaThread "Asynchronous log dispatcher for DefaultDaemonConnection: socket connection from /127.0.0.1:62923 to /127.0.0.1:62924" [_thread_blocked, id=10320, stack(0x000000001caf0000,0x000000001cbf0000)]
  0x000000001aedf800 JavaThread "Daemon worker" [_thread_in_vm, id=13620, stack(0x000000001c7f0000,0x000000001c8f0000)]
  0x000000001aed8000 JavaThread "Cancel handler" [_thread_blocked, id=4496, stack(0x000000001c6f0000,0x000000001c7f0000)]
  0x000000001aefd000 JavaThread "Handler for socket connection from /127.0.0.1:62923 to /127.0.0.1:62924" [_thread_in_native, id=5868, stack(0x000000001c5f0000,0x000000001c6f0000)]
  0x000000001aefc800 JavaThread "Daemon" [_thread_blocked, id=10908, stack(0x000000001c4f0000,0x000000001c5f0000)]
  0x000000001aea6800 JavaThread "Daemon periodic checks" [_thread_blocked, id=13668, stack(0x000000001c3f0000,0x000000001c4f0000)]
  0x000000001af0f000 JavaThread "Incoming local TCP Connector on port 62923" [_thread_in_native, id=11640, stack(0x000000001c190000,0x000000001c290000)]
  0x000000001ae5f000 JavaThread "Daemon health stats" [_thread_blocked, id=520, stack(0x000000001bb50000,0x000000001bc50000)]
  0x0000000018559800 JavaThread "Service Thread" daemon [_thread_blocked, id=2252, stack(0x00000000191b0000,0x00000000192b0000)]
  0x00000000184d2800 JavaThread "C1 CompilerThread3" daemon [_thread_blocked, id=10684, stack(0x00000000190b0000,0x00000000191b0000)]
  0x00000000184d5000 JavaThread "C2 CompilerThread2" daemon [_thread_blocked, id=13432, stack(0x0000000018fb0000,0x00000000190b0000)]
=>0x00000000184cd000 JavaThread "C2 CompilerThread1" daemon [_thread_in_native, id=4372, stack(0x0000000018eb0000,0x0000000018fb0000)]
  0x00000000166be800 JavaThread "C2 CompilerThread0" daemon [_thread_in_native, id=14104, stack(0x0000000018db0000,0x0000000018eb0000)]
  0x00000000184c5000 JavaThread "Attach Listener" daemon [_thread_blocked, id=10900, stack(0x0000000018cb0000,0x0000000018db0000)]
  0x00000000184c4000 JavaThread "Signal Dispatcher" daemon [_thread_blocked, id=10152, stack(0x0000000018bb0000,0x0000000018cb0000)]
  0x00000000184b0800 JavaThread "Finalizer" daemon [_thread_blocked, id=10496, stack(0x0000000018990000,0x0000000018a90000)]
  0x00000000166ac000 JavaThread "Reference Handler" daemon [_thread_blocked, id=11224, stack(0x0000000018890000,0x0000000018990000)]
  0x00000000027f2800 JavaThread "main" [_thread_blocked, id=4948, stack(0x00000000026c0000,0x00000000027c0000)]

Other Threads:
  0x00000000166a8000 VMThread [stack: 0x0000000018390000,0x0000000018490000] [id=9380]
  0x000000001855a000 WatcherThread [stack: 0x00000000192b0000,0x00000000193b0000] [id=8844]

VM state:not at safepoint (normal execution)

VM Mutex/Monitor currently owned by a thread: None

OutOfMemory and StackOverflow Exception counts:
OutOfMemoryError java_heap_errors=2

heap address: 0x00000000a0000000, size: 1536 MB, Compressed Oops mode: 32-bit
Narrow klass base: 0x0000000000000000, Narrow klass shift: 3
Compressed class space size: 1073741824 Address: 0x0000000100000000

Heap:
 PSYoungGen      total 75776K, used 20185K [0x00000000e0000000, 0x00000000e5700000, 0x0000000100000000)
  eden space 65536K, 30% used [0x00000000e0000000,0x00000000e13b65b8,0x00000000e4000000)
  from space 10240K, 0% used [0x00000000e4b00000,0x00000000e4b00000,0x00000000e5500000)
  to   space 11264K, 0% used [0x00000000e4000000,0x00000000e4000000,0x00000000e4b00000)
 ParOldGen       total 61952K, used 9258K [0x00000000a0000000, 0x00000000a3c80000, 0x00000000e0000000)
  object space 61952K, 14% used [0x00000000a0000000,0x00000000a090a820,0x00000000a3c80000)
 Metaspace       used 24287K, capacity 24708K, committed 25136K, reserved 1073152K
  class space    used 3361K, capacity 3509K, committed 3632K, reserved 1048576K

Card table byte_map: [0x0000000011cb0000,0x0000000011fc0000] byte_map_base: 0x00000000117b0000

Marking Bits: (ParMarkBitMap*) 0x000000007160f030
 Begin Bits: [0x00000000129c0000, 0x00000000141c0000)
 End Bits:   [0x00000000141c0000, 0x00000000159c0000)

Polling page: 0x0000000000a50000

CodeCache: size=245760Kb used=6724Kb max_used=6734Kb free=239035Kb
 bounds [0x00000000028f0000, 0x0000000002f90000, 0x00000000118f0000]
 total_blobs=2362 nmethods=1933 adapters=342
 compilation: enabled

Compilation events (10 events):
Event: 3.312 Thread 0x00000000184d5000 nmethod 1919 0x0000000002f745d0 code [0x0000000002f74700, 0x0000000002f74778]
Event: 3.312 Thread 0x00000000184d5000 1933       4       sun.reflect.ByteVectorImpl::add (38 bytes)
Event: 3.313 Thread 0x00000000184d2800 nmethod 1932 0x0000000002f85110 code [0x0000000002f852e0, 0x0000000002f85c28]
Event: 3.313 Thread 0x00000000184d2800 1934       3       sun.reflect.ByteVectorImpl::get (26 bytes)
Event: 3.313 Thread 0x00000000184d2800 nmethod 1934 0x0000000002f84c50 code [0x0000000002f84dc0, 0x0000000002f84fe8]
Event: 3.313 Thread 0x00000000184d2800 1935       3       java.lang.NoSuchMethodException::<init> (6 bytes)
Event: 3.313 Thread 0x00000000184d2800 nmethod 1935 0x0000000002f821d0 code [0x0000000002f82340, 0x0000000002f82588]
Event: 3.313 Thread 0x00000000184d2800 1936       1       java.lang.reflect.Field::getType (5 bytes)
Event: 3.313 Thread 0x00000000184d2800 nmethod 1936 0x0000000002f80a10 code [0x0000000002f80b60, 0x0000000002f80c70]
Event: 3.313 Thread 0x00000000184d5000 nmethod 1933 0x0000000002f806d0 code [0x0000000002f80820, 0x0000000002f80908]

GC Heap History (10 events):
Event: 1.907 GC heap before
{Heap before GC invocations=3 (full 0):
 PSYoungGen      total 38400K, used 36593K [0x00000000e0000000, 0x00000000e4b00000, 0x0000000100000000)
  eden space 33280K, 100% used [0x00000000e0000000,0x00000000e2080000,0x00000000e2080000)
  from space 5120K, 64% used [0x00000000e2580000,0x00000000e28bc500,0x00000000e2a80000)
  to   space 5120K, 0% used [0x00000000e2080000,0x00000000e2080000,0x00000000e2580000)
 ParOldGen       total 87552K, used 16K [0x00000000a0000000, 0x00000000a5580000, 0x00000000e0000000)
  object space 87552K, 0% used [0x00000000a0000000,0x00000000a0004000,0x00000000a5580000)
 Metaspace       used 11929K, capacity 12370K, committed 12544K, reserved 1060864K
  class space    used 1602K, capacity 1745K, committed 1792K, reserved 1048576K
Event: 1.911 GC heap after
Heap after GC invocations=3 (full 0):
 PSYoungGen      total 38400K, used 5120K [0x00000000e0000000, 0x00000000e2a80000, 0x0000000100000000)
  eden space 33280K, 0% used [0x00000000e0000000,0x00000000e0000000,0x00000000e2080000)
  from space 5120K, 100% used [0x00000000e2080000,0x00000000e2580000,0x00000000e2580000)
  to   space 5120K, 0% used [0x00000000e2580000,0x00000000e2580000,0x00000000e2a80000)
 ParOldGen       total 87552K, used 1234K [0x00000000a0000000, 0x00000000a5580000, 0x00000000e0000000)
  object space 87552K, 1% used [0x00000000a0000000,0x00000000a0134b30,0x00000000a5580000)
 Metaspace       used 11929K, capacity 12370K, committed 12544K, reserved 1060864K
  class space    used 1602K, capacity 1745K, committed 1792K, reserved 1048576K
}
Event: 2.197 GC heap before
{Heap before GC invocations=4 (full 0):
 PSYoungGen      total 38400K, used 38400K [0x00000000e0000000, 0x00000000e2a80000, 0x0000000100000000)
  eden space 33280K, 100% used [0x00000000e0000000,0x00000000e2080000,0x00000000e2080000)
  from space 5120K, 100% used [0x00000000e2080000,0x00000000e2580000,0x00000000e2580000)
  to   space 5120K, 0% used [0x00000000e2580000,0x00000000e2580000,0x00000000e2a80000)
 ParOldGen       total 87552K, used 1234K [0x00000000a0000000, 0x00000000a5580000, 0x00000000e0000000)
  object space 87552K, 1% used [0x00000000a0000000,0x00000000a0134b30,0x00000000a5580000)
 Metaspace       used 14324K, capacity 14654K, committed 14976K, reserved 1062912K
  class space    used 2009K, capacity 2103K, committed 2176K, reserved 1048576K
Event: 2.202 GC heap after
Heap after GC invocations=4 (full 0):
 PSYoungGen      total 38400K, used 5088K [0x00000000e0000000, 0x00000000e4b00000, 0x0000000100000000)
  eden space 33280K, 0% used [0x00000000e0000000,0x00000000e0000000,0x00000000e2080000)
  from space 5120K, 99% used [0x00000000e2580000,0x00000000e2a78020,0x00000000e2a80000)
  to   space 5120K, 0% used [0x00000000e2080000,0x00000000e2080000,0x00000000e2580000)
 ParOldGen       total 87552K, used 3560K [0x00000000a0000000, 0x00000000a5580000, 0x00000000e0000000)
  object space 87552K, 4% used [0x00000000a0000000,0x00000000a037a270,0x00000000a5580000)
 Metaspace       used 14324K, capacity 14654K, committed 14976K, reserved 1062912K
  class space    used 2009K, capacity 2103K, committed 2176K, reserved 1048576K
}
Event: 2.603 GC heap before
{Heap before GC invocations=5 (full 0):
 PSYoungGen      total 38400K, used 38368K [0x00000000e0000000, 0x00000000e4b00000, 0x0000000100000000)
  eden space 33280K, 100% used [0x00000000e0000000,0x00000000e2080000,0x00000000e2080000)
  from space 5120K, 99% used [0x00000000e2580000,0x00000000e2a78020,0x00000000e2a80000)
  to   space 5120K, 0% used [0x00000000e2080000,0x00000000e2080000,0x00000000e2580000)
 ParOldGen       total 87552K, used 3560K [0x00000000a0000000, 0x00000000a5580000, 0x00000000e0000000)
  object space 87552K, 4% used [0x00000000a0000000,0x00000000a037a270,0x00000000a5580000)
 Metaspace       used 17419K, capacity 17832K, committed 18048K, reserved 1064960K
  class space    used 2504K, capacity 2634K, committed 2688K, reserved 1048576K
Event: 2.611 GC heap after
Heap after GC invocations=5 (full 0):
 PSYoungGen      total 38400K, used 5104K [0x00000000e0000000, 0x00000000e5500000, 0x0000000100000000)
  eden space 33280K, 0% used [0x00000000e0000000,0x00000000e0000000,0x00000000e2080000)
  from space 5120K, 99% used [0x00000000e2080000,0x00000000e257c010,0x00000000e2580000)
  to   space 10240K, 0% used [0x00000000e4b00000,0x00000000e4b00000,0x00000000e5500000)
 ParOldGen       total 87552K, used 7071K [0x00000000a0000000, 0x00000000a5580000, 0x00000000e0000000)
  object space 87552K, 8% used [0x00000000a0000000,0x00000000a06e7d58,0x00000000a5580000)
 Metaspace       used 17419K, capacity 17832K, committed 18048K, reserved 1064960K
  class space    used 2504K, capacity 2634K, committed 2688K, reserved 1048576K
}
Event: 2.968 GC heap before
{Heap before GC invocations=6 (full 0):
 PSYoungGen      total 38400K, used 29358K [0x00000000e0000000, 0x00000000e5500000, 0x0000000100000000)
  eden space 33280K, 72% used [0x00000000e0000000,0x00000000e17afb68,0x00000000e2080000)
  from space 5120K, 99% used [0x00000000e2080000,0x00000000e257c010,0x00000000e2580000)
  to   space 10240K, 0% used [0x00000000e4b00000,0x00000000e4b00000,0x00000000e5500000)
 ParOldGen       total 87552K, used 7071K [0x00000000a0000000, 0x00000000a5580000, 0x00000000e0000000)
  object space 87552K, 8% used [0x00000000a0000000,0x00000000a06e7d58,0x00000000a5580000)
 Metaspace       used 20705K, capacity 21110K, committed 21296K, reserved 1067008K
  class space    used 2919K, capacity 3085K, committed 3120K, reserved 1048576K
Event: 2.976 GC heap after
Heap after GC invocations=6 (full 0):
 PSYoungGen      total 75776K, used 8756K [0x00000000e0000000, 0x00000000e5700000, 0x0000000100000000)
  eden space 65536K, 0% used [0x00000000e0000000,0x00000000e0000000,0x00000000e4000000)
  from space 10240K, 85% used [0x00000000e4b00000,0x00000000e538d3c0,0x00000000e5500000)
  to   space 11264K, 0% used [0x00000000e4000000,0x00000000e4000000,0x00000000e4b00000)
 ParOldGen       total 87552K, used 7079K [0x00000000a0000000, 0x00000000a5580000, 0x00000000e0000000)
  object space 87552K, 8% used [0x00000000a0000000,0x00000000a06e9d58,0x00000000a5580000)
 Metaspace       used 20705K, capacity 21110K, committed 21296K, reserved 1067008K
  class space    used 2919K, capacity 3085K, committed 3120K, reserved 1048576K
}
Event: 2.976 GC heap before
{Heap before GC invocations=7 (full 1):
 PSYoungGen      total 75776K, used 8756K [0x00000000e0000000, 0x00000000e5700000, 0x0000000100000000)
  eden space 65536K, 0% used [0x00000000e0000000,0x00000000e0000000,0x00000000e4000000)
  from space 10240K, 85% used [0x00000000e4b00000,0x00000000e538d3c0,0x00000000e5500000)
  to   space 11264K, 0% used [0x00000000e4000000,0x00000000e4000000,0x00000000e4b00000)
 ParOldGen       total 87552K, used 7079K [0x00000000a0000000, 0x00000000a5580000, 0x00000000e0000000)
  object space 87552K, 8% used [0x00000000a0000000,0x00000000a06e9d58,0x00000000a5580000)
 Metaspace       used 20705K, capacity 21110K, committed 21296K, reserved 1067008K
  class space    used 2919K, capacity 3085K, committed 3120K, reserved 1048576K
Event: 3.013 GC heap after
Heap after GC invocations=7 (full 1):
 PSYoungGen      total 75776K, used 0K [0x00000000e0000000, 0x00000000e5700000, 0x0000000100000000)
  eden space 65536K, 0% used [0x00000000e0000000,0x00000000e0000000,0x00000000e4000000)
  from space 10240K, 0% used [0x00000000e4b00000,0x00000000e4b00000,0x00000000e5500000)
  to   space 11264K, 0% used [0x00000000e4000000,0x00000000e4000000,0x00000000e4b00000)
 ParOldGen       total 61952K, used 9258K [0x00000000a0000000, 0x00000000a3c80000, 0x00000000e0000000)
  object space 61952K, 14% used [0x00000000a0000000,0x00000000a090a820,0x00000000a3c80000)
 Metaspace       used 20705K, capacity 21110K, committed 21296K, reserved 1067008K
  class space    used 2919K, capacity 3085K, committed 3120K, reserved 1048576K
}

Deoptimization events (10 events):
Event: 3.238 Thread 0x000000001aedf800 Uncommon trap: reason=unstable_if action=reinterpret pc=0x0000000002d7b848 method=java.lang.String.regionMatches(ZILjava/lang/String;II)Z @ 41
Event: 3.240 Thread 0x000000001aedf800 Uncommon trap: reason=unstable_if action=reinterpret pc=0x0000000002d88d8c method=java.lang.ClassLoader.getClassLoadingLock(Ljava/lang/String;)Ljava/lang/Object; @ 6
Event: 3.259 Thread 0x000000001aedf800 Uncommon trap: reason=class_check action=maybe_recompile pc=0x0000000002ee9f8c method=sun.misc.URLClassPath.getLoader(I)Lsun/misc/URLClassPath$Loader; @ 239
Event: 3.266 Thread 0x000000001aedf800 Uncommon trap: reason=class_check action=maybe_recompile pc=0x0000000002ee9f8c method=sun.misc.URLClassPath.getLoader(I)Lsun/misc/URLClassPath$Loader; @ 239
Event: 3.280 Thread 0x000000001aedf800 Uncommon trap: reason=class_check action=maybe_recompile pc=0x0000000002e72bc0 method=java.lang.Throwable.<init>(Ljava/lang/String;Ljava/lang/Throwable;)V @ 24
Event: 3.295 Thread 0x000000001aedf800 Uncommon trap: reason=class_check action=maybe_recompile pc=0x0000000002d23a50 method=org.gradle.internal.logging.text.AbstractLineChoppingStyledTextOutput$StateContext.flushLineText()V @ 110
Event: 3.297 Thread 0x000000001aedf800 Uncommon trap: reason=class_check action=maybe_recompile pc=0x0000000002d23a50 method=org.gradle.internal.logging.text.AbstractLineChoppingStyledTextOutput$StateContext.flushLineText()V @ 110
Event: 3.297 Thread 0x000000001aedf800 Uncommon trap: reason=class_check action=maybe_recompile pc=0x0000000002d23a50 method=org.gradle.internal.logging.text.AbstractLineChoppingStyledTextOutput$StateContext.flushLineText()V @ 110
Event: 3.297 Thread 0x000000001aedf800 Uncommon trap: reason=class_check action=maybe_recompile pc=0x0000000002d23a50 method=org.gradle.internal.logging.text.AbstractLineChoppingStyledTextOutput$StateContext.flushLineText()V @ 110
Event: 3.311 Thread 0x000000001aedf800 Uncommon trap: reason=unstable_if action=reinterpret pc=0x0000000002ccf370 method=java.util.concurrent.ConcurrentHashMap.putVal(Ljava/lang/Object;Ljava/lang/Object;Z)Ljava/lang/Object; @ 206

Classes redefined (0 events):
No events

Internal exceptions (10 events):
Event: 3.261 Thread 0x000000001aedf800 Exception <a 'java/lang/ClassNotFoundException': org/gradle/groovy/scripts/ScriptBeanInfo> (0x00000000e0cb8a90) thrown at [C:\src\AOSP-openjdk-git\hotspot\src\share\vm\classfile\systemDictionary.cpp, line 210]
Event: 3.261 Thread 0x000000001aedf800 Exception <a 'java/lang/ClassNotFoundException': groovy/lang/ScriptBeanInfo> (0x00000000e0cc9190) thrown at [C:\src\AOSP-openjdk-git\hotspot\src\share\vm\classfile\systemDictionary.cpp, line 210]
Event: 3.262 Thread 0x000000001aedf800 Exception <a 'java/lang/ClassNotFoundException': groovy/lang/ScriptCustomizer> (0x00000000e0cda970) thrown at [C:\src\AOSP-openjdk-git\hotspot\src\share\vm\classfile\systemDictionary.cpp, line 210]
Event: 3.263 Thread 0x000000001aedf800 Exception <a 'java/lang/ClassNotFoundException': org/gradle/groovy/scripts/ScriptCustomizer> (0x00000000e0cf9488) thrown at [C:\src\AOSP-openjdk-git\hotspot\src\share\vm\classfile\systemDictionary.cpp, line 210]
Event: 3.263 Thread 0x000000001aedf800 Exception <a 'java/lang/ClassNotFoundException': org/gradle/groovy/scripts/BasicScriptCustomizer> (0x00000000e0d18de0) thrown at [C:\src\AOSP-openjdk-git\hotspot\src\share\vm\classfile\systemDictionary.cpp, line 210]
Event: 3.264 Thread 0x000000001aedf800 Exception <a 'java/lang/ClassNotFoundException': org/gradle/groovy/scripts/DefaultScriptCustomizer> (0x00000000e0d3def0) thrown at [C:\src\AOSP-openjdk-git\hotspot\src\share\vm\classfile\systemDictionary.cpp, line 210]
Event: 3.266 Thread 0x000000001aedf800 Exception <a 'java/lang/ClassNotFoundException': org/gradle/initialization/SettingsScriptCustomizer> (0x00000000e0d7c8c8) thrown at [C:\src\AOSP-openjdk-git\hotspot\src\share\vm\classfile\systemDictionary.cpp, line 210]
Event: 3.267 Thread 0x000000001aedf800 Exception <a 'java/lang/ClassNotFoundException': settings_bmes9npo7xe0eslz4ump14pofCustomizer> (0x00000000e0d914c0) thrown at [C:\src\AOSP-openjdk-git\hotspot\src\share\vm\classfile\systemDictionary.cpp, line 210]
Event: 3.280 Thread 0x000000001aedf800 Exception <a 'java/lang/OutOfMemoryError'> (0x00000000e0e76350) thrown at [C:\src\AOSP-openjdk-git\hotspot\src\share\vm\prims\jni.cpp, line 737]
Event: 3.280 Thread 0x000000001aedf800 Exception <a 'java/lang/OutOfMemoryError'> (0x00000000e0e76350) thrown at [C:\src\AOSP-openjdk-git\hotspot\src\share\vm\prims\jvm.cpp, line 1506]

Events (10 events):
Event: 3.311 Thread 0x000000001aedf800 DEOPT PACKING pc=0x0000000002ccf370 sp=0x000000001c8ed440
Event: 3.311 Thread 0x000000001aedf800 DEOPT UNPACKING pc=0x000000000293557b sp=0x000000001c8ed400 mode 2
Event: 3.313 loading class org/gradle/internal/serialize/TopLevelExceptionPlaceholder
Event: 3.313 loading class org/gradle/internal/serialize/TopLevelExceptionPlaceholder done
Event: 3.313 loading class org/gradle/internal/serialize/ExceptionPlaceholder
Event: 3.313 loading class org/gradle/internal/serialize/ExceptionPlaceholder done
Event: 3.314 loading class org/gradle/internal/serialize/ContextualPlaceholderException
Event: 3.314 loading class org/gradle/internal/serialize/ContextualPlaceholderException done
Event: 3.314 loading class org/gradle/internal/serialize/PlaceholderException
Event: 3.314 loading class org/gradle/internal/serialize/PlaceholderException done


Dynamic libraries:
0x00007ff7e4280000 - 0x00007ff7e42b1000 	C:\Program Files\Android\Android Studio\jre\bin\java.exe
0x00007ffe674e0000 - 0x00007ffe676d0000 	C:\WINDOWS\SYSTEM32\ntdll.dll
0x00007ffe66770000 - 0x00007ffe66822000 	C:\WINDOWS\System32\KERNEL32.DLL
0x00007ffe64460000 - 0x00007ffe64704000 	C:\WINDOWS\System32\KERNELBASE.dll
0x00007ffe66830000 - 0x00007ffe668d3000 	C:\WINDOWS\System32\ADVAPI32.dll
0x00007ffe65f60000 - 0x00007ffe65ffe000 	C:\WINDOWS\System32\msvcrt.dll
0x00007ffe65cf0000 - 0x00007ffe65d87000 	C:\WINDOWS\System32\sechost.dll
0x00007ffe663a0000 - 0x00007ffe664c0000 	C:\WINDOWS\System32\RPCRT4.dll
0x00007ffe65dc0000 - 0x00007ffe65f55000 	C:\WINDOWS\System32\USER32.dll
0x00007ffe654e0000 - 0x00007ffe65501000 	C:\WINDOWS\System32\win32u.dll
0x00007ffe65d90000 - 0x00007ffe65db6000 	C:\WINDOWS\System32\GDI32.dll
0x00007ffe65320000 - 0x00007ffe654b6000 	C:\WINDOWS\System32\gdi32full.dll
0x00007ffe64710000 - 0x00007ffe647ae000 	C:\WINDOWS\System32\msvcp_win.dll
0x00007ffe65220000 - 0x00007ffe6531a000 	C:\WINDOWS\System32\ucrtbase.dll
0x00007ffe494b0000 - 0x00007ffe49734000 	C:\WINDOWS\WinSxS\amd64_microsoft.windows.common-controls_6595b64144ccf1df_6.0.18362.1016_none_9e7a36bbe461dae4\COMCTL32.dll
0x00007ffe67130000 - 0x00007ffe67465000 	C:\WINDOWS\System32\combase.dll
0x00007ffe65510000 - 0x00007ffe65590000 	C:\WINDOWS\System32\bcryptPrimitives.dll
0x00007ffe67470000 - 0x00007ffe6749e000 	C:\WINDOWS\System32\IMM32.DLL
0x0000000070c80000 - 0x0000000070d52000 	C:\Program Files\Android\Android Studio\jre\jre\bin\msvcr100.dll
0x0000000070e40000 - 0x000000007168b000 	C:\Program Files\Android\Android Studio\jre\jre\bin\server\jvm.dll
0x00007ffe66a20000 - 0x00007ffe66a28000 	C:\WINDOWS\System32\PSAPI.DLL
0x00007ffe612b0000 - 0x00007ffe612d4000 	C:\WINDOWS\SYSTEM32\WINMM.dll
0x00007ffe5e880000 - 0x00007ffe5e88a000 	C:\WINDOWS\SYSTEM32\VERSION.dll
0x00007ffe4a620000 - 0x00007ffe4a629000 	C:\WINDOWS\SYSTEM32\WSOCK32.dll
0x00007ffe65590000 - 0x00007ffe655ff000 	C:\WINDOWS\System32\WS2_32.dll
0x00007ffe61280000 - 0x00007ffe612ad000 	C:\WINDOWS\SYSTEM32\winmmbase.dll
0x00007ffe64960000 - 0x00007ffe649aa000 	C:\WINDOWS\System32\cfgmgr32.dll
0x00007ffe61c40000 - 0x00007ffe61c4f000 	C:\Program Files\Android\Android Studio\jre\jre\bin\verify.dll
0x00007ffe61c10000 - 0x00007ffe61c39000 	C:\Program Files\Android\Android Studio\jre\jre\bin\java.dll
0x00007ffe61bf0000 - 0x00007ffe61c06000 	C:\Program Files\Android\Android Studio\jre\jre\bin\zip.dll
0x00007ffe65600000 - 0x00007ffe65ce7000 	C:\WINDOWS\System32\SHELL32.dll
0x00007ffe665e0000 - 0x00007ffe66689000 	C:\WINDOWS\System32\shcore.dll
0x00007ffe64a60000 - 0x00007ffe651e2000 	C:\WINDOWS\System32\windows.storage.dll
0x00007ffe64430000 - 0x00007ffe64453000 	C:\WINDOWS\System32\profapi.dll
0x00007ffe643e0000 - 0x00007ffe6442a000 	C:\WINDOWS\System32\powrprof.dll
0x00007ffe64390000 - 0x00007ffe643a0000 	C:\WINDOWS\System32\UMPDC.dll
0x00007ffe669b0000 - 0x00007ffe66a02000 	C:\WINDOWS\System32\shlwapi.dll
0x00007ffe643c0000 - 0x00007ffe643d1000 	C:\WINDOWS\System32\kernel.appcore.dll
0x00007ffe654c0000 - 0x00007ffe654d7000 	C:\WINDOWS\System32\cryptsp.dll
0x00007ffe61bd0000 - 0x00007ffe61bea000 	C:\Program Files\Android\Android Studio\jre\jre\bin\net.dll
0x00007ffe63bf0000 - 0x00007ffe63c57000 	C:\WINDOWS\system32\mswsock.dll
0x00007ffe61bb0000 - 0x00007ffe61bc3000 	C:\Program Files\Android\Android Studio\jre\jre\bin\nio.dll
0x00007ffe5e150000 - 0x00007ffe5e176000 	C:\Users\joaor\.gradle\native\30\windows-amd64\native-platform.dll
0x00007ffe61ba0000 - 0x00007ffe61bad000 	C:\Program Files\Android\Android Studio\jre\jre\bin\management.dll
0x00007ffe63760000 - 0x00007ffe63793000 	C:\WINDOWS\system32\rsaenh.dll
0x00007ffe651f0000 - 0x00007ffe65216000 	C:\WINDOWS\System32\bcrypt.dll
0x00007ffe64280000 - 0x00007ffe642a5000 	C:\WINDOWS\SYSTEM32\USERENV.dll
0x00007ffe63dc0000 - 0x00007ffe63dcc000 	C:\WINDOWS\SYSTEM32\CRYPTBASE.dll
0x00007ffe63900000 - 0x00007ffe6393a000 	C:\WINDOWS\SYSTEM32\IPHLPAPI.DLL
0x00007ffe66a10000 - 0x00007ffe66a18000 	C:\WINDOWS\System32\NSI.dll
0x00007ffe5d3d0000 - 0x00007ffe5d3e6000 	C:\WINDOWS\SYSTEM32\dhcpcsvc6.DLL
0x00007ffe5d2c0000 - 0x00007ffe5d2dc000 	C:\WINDOWS\SYSTEM32\dhcpcsvc.DLL
0x00007ffe63940000 - 0x00007ffe63a0b000 	C:\WINDOWS\SYSTEM32\DNSAPI.dll

VM Arguments:
jvm_args: -Xmx1536M -Dfile.encoding=windows-1252 -Duser.country=BR -Duser.language=pt -Duser.variant 
java_command: org.gradle.launcher.daemon.bootstrap.GradleDaemon 5.6.2
java_class_path (initial): C:\Users\joaor\.gradle\wrapper\dists\gradle-5.6.2-all\9st6wgf78h16so49nn74lgtbb\gradle-5.6.2\lib\gradle-launcher-5.6.2.jar
Launcher Type: SUN_STANDARD

Environment Variables:
JAVA_HOME=C:\Program Files\Android\Android Studio\jre
CLASSPATH=C:\Users\joaor\AndroidStudioProjects\waiting_tickets_system\android\\gradle\wrapper\gradle-wrapper.jar
PATH=C:\Windows\system32;C:\Windows;C:\Windows\System32\Wbem;C:\Windows\System32\WindowsPowerShell\v1.0\;C:\Windows\System32\OpenSSH\;C:\Program Files (x86)\NVIDIA Corporation\PhysX\Common;C:\Program Files\NVIDIA Corporation\NVIDIA NvDLISR;C:\WINDOWS\system32;C:\WINDOWS;C:\WINDOWS\System32\Wbem;C:\WINDOWS\System32\WindowsPowerShell\v1.0\;C:\WINDOWS\System32\OpenSSH\;D:\Instalados\Git\cmd;C:\Program Files (x86)\Java\jre1.8.0_261\bin;C:\Users\joaor\AppData\Local\Microsoft\WindowsApps;D:\Instalados\PhoenixSuit\;D:\Instalados\Microsoft VS Code\bin;C:\src\flutter_windows_1.20.1-stable\flutter\bin;;C:\src\flutter_windows_1.20.1-stable\flutter\bin\mingit\cmd
USERNAME=joaor
OS=Windows_NT
PROCESSOR_IDENTIFIER=Intel64 Family 6 Model 142 Stepping 10, GenuineIntel



---------------  S Y S T E M  ---------------

OS: Windows 10.0 , 64 bit Build 18362 (10.0.18362.959)

CPU:total 8 (initial active 8) (4 cores per cpu, 2 threads per core) family 6 model 142 stepping 10, cmov, cx8, fxsr, mmx, sse, sse2, sse3, ssse3, sse4.1, sse4.2, popcnt, avx, avx2, aes, clmul, erms, 3dnowpref, lzcnt, ht, tsc, tscinvbit, bmi1, bmi2, adx

Memory: 4k page, physical 8295652k(408492k free), swap 15463652k(124k free)

vm_info: OpenJDK 64-Bit Server VM (25.242-b01) for windows-amd64 JRE (1.8.0_242-release-1644-b01), built by "builder" with MS VC++ 10.0 (VS2010)

time: Sat Aug 15 07:28:52 2020
timezone: Hora oficial do Brasil
elapsed time: 3 seconds (0d 0h 0m 3s)

